
  Error from       Sat Jun 26 2021 12:48:04 GMT+0700 (GMT+07:00)
  status code:     404
  errorName:       Error
  errorMessage:    Board not found
  errorStack:      Error: Board not found
    at Object.getBoardById (C:\Users\AlHe\Desktop\Task7-PostgreSQL-TypeORM\NodeJS2021Kurs\build\resources\boards\board.service.js:14:15)
    at processTicksAndRejections (internal/process/task_queues.js:93:5)
    at async C:\Users\AlHe\Desktop\Task7-PostgreSQL-TypeORM\NodeJS2021Kurs\build\resources\boards\board.router.js:19:23

  Error from       Sat Jun 26 2021 12:48:05 GMT+0700 (GMT+07:00)
  status code:     404
  errorName:       Error
  errorMessage:    Task not found
  errorStack:      Error: Task not found
    at Object.getTaskByBoardAndTaskId (C:\Users\AlHe\Desktop\Task7-PostgreSQL-TypeORM\NodeJS2021Kurs\build\resources\tasks\task.service.js:13:15)
    at processTicksAndRejections (internal/process/task_queues.js:93:5)
    at async C:\Users\AlHe\Desktop\Task7-PostgreSQL-TypeORM\NodeJS2021Kurs\build\resources\tasks\task.router.js:20:22

  Error from       Sat Jun 26 2021 12:48:05 GMT+0700 (GMT+07:00)
  status code:     404
  errorName:       Error
  errorMessage:    Task not found
  errorStack:      Error: Task not found
    at Object.getTaskByBoardAndTaskId (C:\Users\AlHe\Desktop\Task7-PostgreSQL-TypeORM\NodeJS2021Kurs\build\resources\tasks\task.service.js:13:15)
    at processTicksAndRejections (internal/process/task_queues.js:93:5)
    at async C:\Users\AlHe\Desktop\Task7-PostgreSQL-TypeORM\NodeJS2021Kurs\build\resources\tasks\task.router.js:20:22

  Error from       Sat Jun 26 2021 12:48:05 GMT+0700 (GMT+07:00)
  status code:     404
  errorName:       Error
  errorMessage:    Task not found
  errorStack:      Error: Task not found
    at Object.getTaskByBoardAndTaskId (C:\Users\AlHe\Desktop\Task7-PostgreSQL-TypeORM\NodeJS2021Kurs\build\resources\tasks\task.service.js:13:15)
    at processTicksAndRejections (internal/process/task_queues.js:93:5)
    at async C:\Users\AlHe\Desktop\Task7-PostgreSQL-TypeORM\NodeJS2021Kurs\build\resources\tasks\task.router.js:20:22

  Error from       Sat Jun 26 2021 12:48:05 GMT+0700 (GMT+07:00)
  status code:     404
  errorName:       Error
  errorMessage:    Task not found
  errorStack:      Error: Task not found
    at Object.getTaskByBoardAndTaskId (C:\Users\AlHe\Desktop\Task7-PostgreSQL-TypeORM\NodeJS2021Kurs\build\resources\tasks\task.service.js:13:15)
    at processTicksAndRejections (internal/process/task_queues.js:93:5)
    at async C:\Users\AlHe\Desktop\Task7-PostgreSQL-TypeORM\NodeJS2021Kurs\build\resources\tasks\task.router.js:20:22

  Error from       Sat Jun 26 2021 12:48:05 GMT+0700 (GMT+07:00)
  status code:     404
  errorName:       Error
  errorMessage:    Task not found
  errorStack:      Error: Task not found
    at Object.getTaskByBoardAndTaskId (C:\Users\AlHe\Desktop\Task7-PostgreSQL-TypeORM\NodeJS2021Kurs\build\resources\tasks\task.service.js:13:15)
    at processTicksAndRejections (internal/process/task_queues.js:93:5)
    at async C:\Users\AlHe\Desktop\Task7-PostgreSQL-TypeORM\NodeJS2021Kurs\build\resources\tasks\task.router.js:20:22

  Error from       Sat Jun 26 2021 12:48:06 GMT+0700 (GMT+07:00)
  status code:     404
  errorName:       Error
  errorMessage:    Task not found
  errorStack:      Error: Task not found
    at Object.getTaskByBoardAndTaskId (C:\Users\AlHe\Desktop\Task7-PostgreSQL-TypeORM\NodeJS2021Kurs\build\resources\tasks\task.service.js:13:15)
    at processTicksAndRejections (internal/process/task_queues.js:93:5)
    at async C:\Users\AlHe\Desktop\Task7-PostgreSQL-TypeORM\NodeJS2021Kurs\build\resources\tasks\task.router.js:20:22
