Request from Sun Jun 27 2021 15:59:20 GMT+0700 (GMT+07:00) : 
╔═══════════════════╤═══════════════════════════════════════════╗
║ Request Method :  │ POST                                      ║
╟───────────────────┼───────────────────────────────────────────╢
║ Request URL :     │ http://localhost:8080/login               ║
╟───────────────────┼───────────────────────────────────────────╢
║ Status Code :     │ 201                                       ║
╟───────────────────┼───────────────────────────────────────────╢
║ Request Params :  │ {}                                        ║
╟───────────────────┼───────────────────────────────────────────╢
║ Request Query :   │ {}                                        ║
╟───────────────────┼───────────────────────────────────────────╢
║ Request Body :    │ {"login":"Lanister332","password":"9988"} ║
╚═══════════════════╧═══════════════════════════════════════════╝

Request from Sun Jun 27 2021 15:59:34 GMT+0700 (GMT+07:00) : 
╔═══════════════════╤════════════════════════════════════════════╗
║ Request Method :  │ POST                                       ║
╟───────────────────┼────────────────────────────────────────────╢
║ Request URL :     │ http://localhost:8080/login                ║
╟───────────────────┼────────────────────────────────────────────╢
║ Status Code :     │ 403                                        ║
╟───────────────────┼────────────────────────────────────────────╢
║ Request Params :  │ {}                                         ║
╟───────────────────┼────────────────────────────────────────────╢
║ Request Query :   │ {}                                         ║
╟───────────────────┼────────────────────────────────────────────╢
║ Request Body :    │ {"login":"Lanister3321","password":"9988"} ║
╚═══════════════════╧════════════════════════════════════════════╝

Request from Sun Jun 27 2021 15:59:55 GMT+0700 (GMT+07:00) : 
╔═══════════════════╤════════════════════════════════════════════╗
║ Request Method :  │ POST                                       ║
╟───────────────────┼────────────────────────────────────────────╢
║ Request URL :     │ http://localhost:8080/login                ║
╟───────────────────┼────────────────────────────────────────────╢
║ Status Code :     │ 403                                        ║
╟───────────────────┼────────────────────────────────────────────╢
║ Request Params :  │ {}                                         ║
╟───────────────────┼────────────────────────────────────────────╢
║ Request Query :   │ {}                                         ║
╟───────────────────┼────────────────────────────────────────────╢
║ Request Body :    │ {"login":"Lanister332","password":"99881"} ║
╚═══════════════════╧════════════════════════════════════════════╝

